G75*
G70*
%OFA0B0*%
%FSLAX24Y24*%
%IPPOS*%
%LPD*%
%AMOC8*
5,1,8,0,0,1.08239X$1,22.5*
%
%ADD10C,0.0079*%
%ADD11C,0.0000*%
D10*
X008990Y012185D02*
X008990Y035095D01*
X035400Y035095D01*
X035400Y029095D01*
X048581Y029095D01*
X048581Y039437D01*
X051419Y039437D01*
X051419Y012185D01*
X008990Y012185D01*
X035990Y029685D02*
X047990Y029685D01*
X047990Y040028D01*
X048833Y040028D01*
X051419Y040028D01*
X051419Y040618D02*
X051419Y043681D01*
X049423Y043681D01*
X049423Y040618D01*
X051419Y040618D01*
X048833Y040028D02*
X048833Y043681D01*
X048242Y043681D02*
X048242Y040618D01*
X047400Y040618D01*
X047400Y030276D01*
X036581Y030276D01*
X036581Y036276D01*
X008990Y036276D01*
X008990Y043681D01*
X048242Y043681D01*
X035990Y035685D02*
X035990Y029685D01*
X035990Y035685D02*
X008990Y035685D01*
D11*
X014447Y032685D02*
X014449Y032711D01*
X014455Y032737D01*
X014465Y032762D01*
X014478Y032785D01*
X014494Y032805D01*
X014514Y032823D01*
X014536Y032838D01*
X014559Y032850D01*
X014585Y032858D01*
X014611Y032862D01*
X014637Y032862D01*
X014663Y032858D01*
X014689Y032850D01*
X014713Y032838D01*
X014734Y032823D01*
X014754Y032805D01*
X014770Y032785D01*
X014783Y032762D01*
X014793Y032737D01*
X014799Y032711D01*
X014801Y032685D01*
X014799Y032659D01*
X014793Y032633D01*
X014783Y032608D01*
X014770Y032585D01*
X014754Y032565D01*
X014734Y032547D01*
X014712Y032532D01*
X014689Y032520D01*
X014663Y032512D01*
X014637Y032508D01*
X014611Y032508D01*
X014585Y032512D01*
X014559Y032520D01*
X014535Y032532D01*
X014514Y032547D01*
X014494Y032565D01*
X014478Y032585D01*
X014465Y032608D01*
X014455Y032633D01*
X014449Y032659D01*
X014447Y032685D01*
X016179Y032685D02*
X016181Y032711D01*
X016187Y032737D01*
X016197Y032762D01*
X016210Y032785D01*
X016226Y032805D01*
X016246Y032823D01*
X016268Y032838D01*
X016291Y032850D01*
X016317Y032858D01*
X016343Y032862D01*
X016369Y032862D01*
X016395Y032858D01*
X016421Y032850D01*
X016445Y032838D01*
X016466Y032823D01*
X016486Y032805D01*
X016502Y032785D01*
X016515Y032762D01*
X016525Y032737D01*
X016531Y032711D01*
X016533Y032685D01*
X016531Y032659D01*
X016525Y032633D01*
X016515Y032608D01*
X016502Y032585D01*
X016486Y032565D01*
X016466Y032547D01*
X016444Y032532D01*
X016421Y032520D01*
X016395Y032512D01*
X016369Y032508D01*
X016343Y032508D01*
X016317Y032512D01*
X016291Y032520D01*
X016267Y032532D01*
X016246Y032547D01*
X016226Y032565D01*
X016210Y032585D01*
X016197Y032608D01*
X016187Y032633D01*
X016181Y032659D01*
X016179Y032685D01*
X020447Y032685D02*
X020449Y032711D01*
X020455Y032737D01*
X020465Y032762D01*
X020478Y032785D01*
X020494Y032805D01*
X020514Y032823D01*
X020536Y032838D01*
X020559Y032850D01*
X020585Y032858D01*
X020611Y032862D01*
X020637Y032862D01*
X020663Y032858D01*
X020689Y032850D01*
X020713Y032838D01*
X020734Y032823D01*
X020754Y032805D01*
X020770Y032785D01*
X020783Y032762D01*
X020793Y032737D01*
X020799Y032711D01*
X020801Y032685D01*
X020799Y032659D01*
X020793Y032633D01*
X020783Y032608D01*
X020770Y032585D01*
X020754Y032565D01*
X020734Y032547D01*
X020712Y032532D01*
X020689Y032520D01*
X020663Y032512D01*
X020637Y032508D01*
X020611Y032508D01*
X020585Y032512D01*
X020559Y032520D01*
X020535Y032532D01*
X020514Y032547D01*
X020494Y032565D01*
X020478Y032585D01*
X020465Y032608D01*
X020455Y032633D01*
X020449Y032659D01*
X020447Y032685D01*
X022179Y032685D02*
X022181Y032711D01*
X022187Y032737D01*
X022197Y032762D01*
X022210Y032785D01*
X022226Y032805D01*
X022246Y032823D01*
X022268Y032838D01*
X022291Y032850D01*
X022317Y032858D01*
X022343Y032862D01*
X022369Y032862D01*
X022395Y032858D01*
X022421Y032850D01*
X022445Y032838D01*
X022466Y032823D01*
X022486Y032805D01*
X022502Y032785D01*
X022515Y032762D01*
X022525Y032737D01*
X022531Y032711D01*
X022533Y032685D01*
X022531Y032659D01*
X022525Y032633D01*
X022515Y032608D01*
X022502Y032585D01*
X022486Y032565D01*
X022466Y032547D01*
X022444Y032532D01*
X022421Y032520D01*
X022395Y032512D01*
X022369Y032508D01*
X022343Y032508D01*
X022317Y032512D01*
X022291Y032520D01*
X022267Y032532D01*
X022246Y032547D01*
X022226Y032565D01*
X022210Y032585D01*
X022197Y032608D01*
X022187Y032633D01*
X022181Y032659D01*
X022179Y032685D01*
X022090Y016435D02*
X022092Y016485D01*
X022098Y016535D01*
X022108Y016585D01*
X022121Y016633D01*
X022138Y016681D01*
X022159Y016727D01*
X022183Y016771D01*
X022211Y016813D01*
X022242Y016853D01*
X022276Y016890D01*
X022313Y016925D01*
X022352Y016956D01*
X022393Y016985D01*
X022437Y017010D01*
X022483Y017032D01*
X022530Y017050D01*
X022578Y017064D01*
X022627Y017075D01*
X022677Y017082D01*
X022727Y017085D01*
X022778Y017084D01*
X022828Y017079D01*
X022878Y017070D01*
X022926Y017058D01*
X022974Y017041D01*
X023020Y017021D01*
X023065Y016998D01*
X023108Y016971D01*
X023148Y016941D01*
X023186Y016908D01*
X023221Y016872D01*
X023254Y016833D01*
X023283Y016792D01*
X023309Y016749D01*
X023332Y016704D01*
X023351Y016657D01*
X023366Y016609D01*
X023378Y016560D01*
X023386Y016510D01*
X023390Y016460D01*
X023390Y016410D01*
X023386Y016360D01*
X023378Y016310D01*
X023366Y016261D01*
X023351Y016213D01*
X023332Y016166D01*
X023309Y016121D01*
X023283Y016078D01*
X023254Y016037D01*
X023221Y015998D01*
X023186Y015962D01*
X023148Y015929D01*
X023108Y015899D01*
X023065Y015872D01*
X023020Y015849D01*
X022974Y015829D01*
X022926Y015812D01*
X022878Y015800D01*
X022828Y015791D01*
X022778Y015786D01*
X022727Y015785D01*
X022677Y015788D01*
X022627Y015795D01*
X022578Y015806D01*
X022530Y015820D01*
X022483Y015838D01*
X022437Y015860D01*
X022393Y015885D01*
X022352Y015914D01*
X022313Y015945D01*
X022276Y015980D01*
X022242Y016017D01*
X022211Y016057D01*
X022183Y016099D01*
X022159Y016143D01*
X022138Y016189D01*
X022121Y016237D01*
X022108Y016285D01*
X022098Y016335D01*
X022092Y016385D01*
X022090Y016435D01*
X026590Y016435D02*
X026592Y016485D01*
X026598Y016535D01*
X026608Y016585D01*
X026621Y016633D01*
X026638Y016681D01*
X026659Y016727D01*
X026683Y016771D01*
X026711Y016813D01*
X026742Y016853D01*
X026776Y016890D01*
X026813Y016925D01*
X026852Y016956D01*
X026893Y016985D01*
X026937Y017010D01*
X026983Y017032D01*
X027030Y017050D01*
X027078Y017064D01*
X027127Y017075D01*
X027177Y017082D01*
X027227Y017085D01*
X027278Y017084D01*
X027328Y017079D01*
X027378Y017070D01*
X027426Y017058D01*
X027474Y017041D01*
X027520Y017021D01*
X027565Y016998D01*
X027608Y016971D01*
X027648Y016941D01*
X027686Y016908D01*
X027721Y016872D01*
X027754Y016833D01*
X027783Y016792D01*
X027809Y016749D01*
X027832Y016704D01*
X027851Y016657D01*
X027866Y016609D01*
X027878Y016560D01*
X027886Y016510D01*
X027890Y016460D01*
X027890Y016410D01*
X027886Y016360D01*
X027878Y016310D01*
X027866Y016261D01*
X027851Y016213D01*
X027832Y016166D01*
X027809Y016121D01*
X027783Y016078D01*
X027754Y016037D01*
X027721Y015998D01*
X027686Y015962D01*
X027648Y015929D01*
X027608Y015899D01*
X027565Y015872D01*
X027520Y015849D01*
X027474Y015829D01*
X027426Y015812D01*
X027378Y015800D01*
X027328Y015791D01*
X027278Y015786D01*
X027227Y015785D01*
X027177Y015788D01*
X027127Y015795D01*
X027078Y015806D01*
X027030Y015820D01*
X026983Y015838D01*
X026937Y015860D01*
X026893Y015885D01*
X026852Y015914D01*
X026813Y015945D01*
X026776Y015980D01*
X026742Y016017D01*
X026711Y016057D01*
X026683Y016099D01*
X026659Y016143D01*
X026638Y016189D01*
X026621Y016237D01*
X026608Y016285D01*
X026598Y016335D01*
X026592Y016385D01*
X026590Y016435D01*
M02*
